#
# There is insufficient memory for the Java Runtime Environment to continue.
# Native memory allocation (malloc) failed to allocate 1048576 bytes for AllocateHeap
# Possible reasons:
#   The system is out of physical RAM or swap space
#   In 32 bit mode, the process size limit was hit
# Possible solutions:
#   Reduce memory load on the system
#   Increase physical memory or swap space
#   Check if swap backing store is full
#   Use 64 bit Java on a 64 bit OS
#   Decrease Java heap size (-Xmx/-Xms)
#   Decrease number of Java threads
#   Decrease Java thread stack sizes (-Xss)
#   Set larger code cache with -XX:ReservedCodeCacheSize=
# This output file may be truncated or incomplete.
#
#  Out of Memory Error (memory/allocation.inline.hpp:61), pid=11564, tid=8016
#
# JRE version:  (8.0_91-b15) (build )
# Java VM: Java HotSpot(TM) 64-Bit Server VM (25.91-b15 mixed mode windows-amd64 compressed oops)
# Failed to write core dump. Minidumps are not enabled by default on client versions of Windows
#

---------------  T H R E A D  ---------------

Current thread (0x000000000246e000):  JavaThread "Unknown thread" [_thread_in_vm, id=8016, stack(0x0000000002320000,0x0000000002420000)]

Stack: [0x0000000002320000,0x0000000002420000]
[error occurred during error reporting (printing stack bounds), id 0xc0000005]

Native frames: (J=compiled Java code, j=interpreted, Vv=VM code, C=native code)


---------------  P R O C E S S  ---------------

Java Threads: ( => current thread )

Other Threads:

=>0x000000000246e000 (exited) JavaThread "Unknown thread" [_thread_in_vm, id=8016, stack(0x0000000002320000,0x0000000002420000)]

VM state:not at safepoint (normal execution)

VM Mutex/Monitor currently owned by a thread: None

Heap:
 PSYoungGen      total 17920K, used 307K [0x00000000eab00000, 0x00000000ebf00000, 0x0000000100000000)
  eden space 15360K, 2% used [0x00000000eab00000,0x00000000eab4ccd8,0x00000000eba00000)
  from space 2560K, 0% used [0x00000000ebc80000,0x00000000ebc80000,0x00000000ebf00000)
  to   space 2560K, 0% used [0x00000000eba00000,0x00000000eba00000,0x00000000ebc80000)
 ParOldGen       total 40960K, used 0K [0x00000000c0000000, 0x00000000c2800000, 0x00000000eab00000)
  object space 40960K, 0% used [0x00000000c0000000,0x00000000c0000000,0x00000000c2800000)
 Metaspace       used 769K, capacity 4480K, committed 4480K, reserved 1056768K
  class space    used 75K, capacity 384K, committed 384K, reserved 1048576K

Card table byte_map: [0x0000000011930000,0x0000000011b40000] byte_map_base: 0x0000000011330000

Marking Bits: (ParMarkBitMap*) 0x0000000075ca2f70
 Begin Bits: [0x00000000120a0000, 0x00000000130a0000)
 End Bits:   [0x00000000130a0000, 0x00000000140a0000)

Polling page: 0x0000000000b10000

CodeCache: size=245760Kb used=328Kb max_used=328Kb free=245431Kb
 bounds [0x0000000002570000, 0x00000000027e0000, 0x0000000011570000]
 total_blobs=58 nmethods=0 adapters=38
 compilation: enabled

Compilation events (0 events):
No events

GC Heap History (0 events):
No events

Deoptimization events (0 events):
No events

Internal exceptions (0 events):
No events

Events (10 events):
Event: 0.067 loading class java/lang/Short
Event: 0.067 loading class java/lang/Short done
Event: 0.067 loading class java/lang/Integer
Event: 0.067 loading class java/lang/Integer done
Event: 0.067 loading class java/lang/Long
Event: 0.067 loading class java/lang/Long done
Event: 0.068 loading class java/lang/NullPointerException
Event: 0.069 loading class java/lang/NullPointerException done
Event: 0.069 loading class java/lang/ArithmeticException
Event: 0.069 loading class java/lang/ArithmeticException done


Dynamic libraries:
0x00007ff7a9580000 - 0x00007ff7a95b7000 	C:\Program Files\Java\jdk1.8.0_91\bin\java.exe
0x00007ffc73cc0000 - 0x00007ffc73e6d000 	C:\windows\SYSTEM32\ntdll.dll
0x00007ffc73320000 - 0x00007ffc7345e000 	C:\windows\system32\KERNEL32.DLL
0x00007ffc71220000 - 0x00007ffc71335000 	C:\windows\system32\KERNELBASE.dll
0x00007ffc6ec80000 - 0x00007ffc6ed0e000 	C:\windows\system32\apphelp.dll
0x00007ffc6e8f0000 - 0x00007ffc6e943000 	C:\windows\AppPatch\AppPatch64\AcGenral.DLL
0x00007ffc731b0000 - 0x00007ffc7325a000 	C:\windows\system32\msvcrt.dll
0x00007ffc70eb0000 - 0x00007ffc70ede000 	C:\windows\system32\SspiCli.dll
0x00007ffc73c60000 - 0x00007ffc73cb4000 	C:\windows\system32\SHLWAPI.dll
0x00007ffc73ae0000 - 0x00007ffc73c57000 	C:\windows\system32\USER32.dll
0x00007ffc738e0000 - 0x00007ffc73a74000 	C:\windows\system32\ole32.dll
0x00007ffc71c20000 - 0x00007ffc73149000 	C:\windows\system32\SHELL32.dll
0x00007ffc70420000 - 0x00007ffc70441000 	C:\windows\SYSTEM32\USERENV.dll
0x00007ffc718a0000 - 0x00007ffc7194a000 	C:\windows\system32\ADVAPI32.dll
0x00007ffc6e890000 - 0x00007ffc6e8ae000 	C:\windows\SYSTEM32\MPR.dll
0x00007ffc71950000 - 0x00007ffc71a90000 	C:\windows\system32\RPCRT4.dll
0x00007ffc71350000 - 0x00007ffc713a9000 	C:\windows\SYSTEM32\sechost.dll
0x00007ffc73480000 - 0x00007ffc73692000 	C:\windows\SYSTEM32\combase.dll
0x00007ffc71a90000 - 0x00007ffc71bdb000 	C:\windows\system32\GDI32.dll
0x00007ffc70de0000 - 0x00007ffc70df5000 	C:\windows\SYSTEM32\profapi.dll
0x00007ffc6ef10000 - 0x00007ffc6efc2000 	C:\windows\SYSTEM32\SHCORE.dll
0x00007ffc71be0000 - 0x00007ffc71c16000 	C:\windows\system32\IMM32.DLL
0x00007ffc73780000 - 0x00007ffc738d2000 	C:\windows\system32\MSCTF.dll
0x00007ffc6ea00000 - 0x00007ffc6ec7b000 	C:\windows\WinSxS\amd64_microsoft.windows.common-controls_6595b64144ccf1df_6.0.9600.18006_none_623f33d3ecbe86e8\COMCTL32.dll
0x0000000075d30000 - 0x0000000075e02000 	C:\Program Files\Java\jdk1.8.0_91\jre\bin\msvcr100.dll
0x0000000075490000 - 0x0000000075d23000 	C:\Program Files\Java\jdk1.8.0_91\jre\bin\server\jvm.dll
0x00007ffc662a0000 - 0x00007ffc662a9000 	C:\windows\SYSTEM32\WSOCK32.dll
0x00007ffc6d3e0000 - 0x00007ffc6d402000 	C:\windows\SYSTEM32\WINMM.dll
0x00007ffc6a570000 - 0x00007ffc6a57a000 	C:\windows\SYSTEM32\VERSION.dll
0x00007ffc73770000 - 0x00007ffc73777000 	C:\windows\system32\PSAPI.DLL
0x00007ffc73150000 - 0x00007ffc731aa000 	C:\windows\system32\WS2_32.dll
0x00007ffc6dd90000 - 0x00007ffc6ddba000 	C:\windows\SYSTEM32\WINMMBASE.dll
0x00007ffc713b0000 - 0x00007ffc713b9000 	C:\windows\system32\NSI.dll
0x00007ffc70ee0000 - 0x00007ffc70f2f000 	C:\windows\SYSTEM32\cfgmgr32.dll
0x00007ffc6f470000 - 0x00007ffc6f498000 	C:\windows\SYSTEM32\DEVOBJ.dll
0x0000000075480000 - 0x000000007548f000 	C:\Program Files\Java\jdk1.8.0_91\jre\bin\verify.dll
0x0000000075450000 - 0x0000000075479000 	C:\Program Files\Java\jdk1.8.0_91\jre\bin\java.dll
0x0000000075430000 - 0x0000000075446000 	C:\Program Files\Java\jdk1.8.0_91\jre\bin\zip.dll

VM Arguments:
jvm_args: -Djava.awt.headless=true -Xmx1024M -Dfile.encoding=windows-1252 -Duser.country=US -Duser.language=en -Duser.variant 
java_command: com.android.dx.command.Main --dex --force-jumbo --num-threads=4 --multi-dex --output C:\Users\dambrero\AndroidStudioProjects\AndroidSays2\app\build\intermediates\transforms\dex\debug\folders\1000\5\slice_1 C:\Users\dambrero\AndroidStudioProjects\AndroidSays2\app\build\intermediates\transforms\instantRunSlicer\debug\folders\1\5\slice_1
java_class_path (initial): C:\Users\dambrero\AppData\Local\Android\sdk\build-tools\24.0.1\lib\dx.jar
Launcher Type: SUN_STANDARD

Environment Variables:
CLASSPATH=C:\Program Files (x86)\Java\jre7\lib\ext\QTJava.zip;C:\Users\dambrer\documents
PATH=C:\Program Files\Python36\Scripts\;C:\Program Files\Python36\;C:\Program Files\Java\jre1.8.0_131;C:\Program Files\Java\jdk1.8.0_131;C:\Program Files\Java\jdk1.8.0_91\bin;C:\ProgramData\Oracle\Java\javapath;C:\Program Files (x86)\Intel\iCLS Client\;C:\Program Files\Intel\iCLS Client\;C:\windows\system32;C:\windows;C:\windows\System32\Wbem;C:\windows\System32\WindowsPowerShell\v1.0\;C:\Program Files (x86)\PharosSystems\Core;C:\Program Files\Intel\Intel(R) Management Engine Components\DAL;C:\Program Files\Intel\Intel(R) Management Engine Components\IPT;C:\Program Files (x86)\Intel\Intel(R) Management Engine Components\DAL;C:\Program Files (x86)\Intel\Intel(R) Management Engine Components\IPT;C:\Program Files (x86)\Intel\OpenCL SDK\2.0\bin\x86;C:\Program Files (x86)\Intel\OpenCL SDK\2.0\bin\x64;C:\Program Files\ThinkPad\Bluetooth Software\;C:\Program Files\ThinkPad\Bluetooth Software\syswow64;C:\Program Files (x86)\QuickTime\QTSystem\;C:\Program Files (x86)\Microsoft SQL Server\100\Tools\Binn\;C:\Program Files\Microsoft SQL Server\100\Tools\Binn\;c:\Program Files\Microsoft SQL Server\100\DTS\Binn\;C:\Program Files (x86)\Skype\Phone\;C:\Program Files\Intel\WiFi\bin\;C:\Program Files\Common Files\Intel\WirelessCommon\;C:\Dev-Cpp\bin;C:\windows\system32\config\systemprofile\.dnx\bin;C:\Program Files\Microsoft DNX\Dnvm\;C:\Program Files (x86)\Windows Kits\8.1\Windows Performance Toolkit\;C:\Program Files\Microsoft SQL Server\130\Tools\Binn\;C:\Program Files (x86)\Microsoft Visual Studio 14.0\VC\bin;C:\Program Files (x86)\Microsoft Visual Studio 14.0\VC\include;C:\Program Files (x86)\Microsoft Visual Studio 10.0\VC\include;C:\Program Files\Git\cmd;C:\Ruby23-x64\bin;C:\Program Files\Intel\WiFi\bin\;C:\Program Files\Common Files\Intel\WirelessCommon\
USERNAME=dambrero
OS=Windows_NT
PROCESSOR_IDENTIFIER=Intel64 Family 6 Model 58 Stepping 9, GenuineIntel



---------------  S Y S T E M  ---------------

OS: Windows 8.1 , 64 bit Build 9600 (6.3.9600.17415)

CPU:total 4 (2 cores per cpu, 2 threads per core) family 6 model 58 stepping 9, cmov, cx8, fxsr, mmx, sse, sse2, sse3, ssse3, sse4.1, sse4.2, popcnt, avx, aes, clmul, erms, ht, tsc, tscinvbit, tscinv

Memory: 4k page, physical 3883944k(168132k free), swap 10811256k(117684k free)

vm_info: Java HotSpot(TM) 64-Bit Server VM (25.91-b15) for windows-amd64 JRE (1.8.0_91-b15), built on May 20 2016 17:43:15 by "java_re" with MS VC++ 10.0 (VS2010)

time: Mon Sep 18 23:47:10 2017
elapsed time: 2 seconds (0d 0h 0m 2s)

